<?xml version="1.0" encoding="UTF-8"?>
<testng-results ignored="0" total="1" passed="1" failed="0" skipped="0">
  <reporter-output>
  </reporter-output>
  <suite started-at="2023-08-28T11:40:00 IST" name="Default suite" finished-at="2023-08-28T11:40:03 IST" duration-ms="3322">
    <groups>
    </groups>
    <test started-at="2023-08-28T11:40:00 IST" name="Default test" finished-at="2023-08-28T11:40:03 IST" duration-ms="3322">
      <class name="Pom.Runner">
        <test-method is-config="true" signature="bt()[pri:0, instance:Pom.Runner@77888435]" started-at="2023-08-28T11:40:00 IST" name="bt" finished-at="2023-08-28T11:40:03 IST" duration-ms="2702" status="PASS">
          <reporter-output>
          </reporter-output>
        </test-method> <!-- bt -->
        <test-method signature="main()[pri:0, instance:Pom.Runner@77888435]" started-at="2023-08-28T11:40:03 IST" name="main" finished-at="2023-08-28T11:40:03 IST" duration-ms="296" status="PASS">
          <reporter-output>
          </reporter-output>
        </test-method> <!-- main -->
        <test-method is-config="true" signature="exit()[pri:0, instance:Pom.Runner@77888435]" started-at="2023-08-28T11:40:03 IST" name="exit" finished-at="2023-08-28T11:40:03 IST" duration-ms="284" status="PASS">
          <reporter-output>
          </reporter-output>
        </test-method> <!-- exit -->
      </class> <!-- Pom.Runner -->
    </test> <!-- Default test -->
  </suite> <!-- Default suite -->
</testng-results>
